<?xml version="1.0" encoding="UTF-8"?>
<!-- Generated by org.testng.reporters.JUnitReportReporter -->
<testsuite hostname="DESKTOP-FHM8NK9" failures="0" tests="1" name="day43_Assertion.Assertions" time="0.033" errors="0" timestamp="2024-07-10T13:12:47 IST" skipped="0">
  <testcase classname="day43_Assertion.Assertions" name="testTitle" time="0.033"/>
</testsuite> <!-- day43_Assertion.Assertions -->
