<?xml version="1.0" encoding="UTF-8"?>
<!-- Generated by org.testng.reporters.JUnitReportReporter -->
<testsuite hostname="DESKTOP-FHM8NK9" failures="0" tests="3" name="day42_TestNG.TestNGDemo1" time="0.008" errors="0" timestamp="2024-07-07T11:23:40 IST" skipped="0">
  <testcase classname="day42_TestNG.TestNGDemo1" name="openapp" time="0.004"/>
  <testcase classname="day42_TestNG.TestNGDemo1" name="login" time="0.002"/>
  <testcase classname="day42_TestNG.TestNGDemo1" name="logout" time="0.002"/>
</testsuite> <!-- day42_TestNG.TestNGDemo1 -->
