<?xml version="1.0" encoding="UTF-8"?>
<!-- Generated by org.testng.reporters.JUnitReportReporter -->
<testsuite hostname="DESKTOP-FHM8NK9" failures="0" tests="3" name="day44_TestNGKey.GroupingDemoLogin" time="0.019" errors="0" timestamp="2024-07-17T11:08:20 IST" skipped="0">
  <testcase classname="day44_TestNGKey.GroupingDemoLogin" name="loginByEmail" time="0.011"/>
  <testcase classname="day44_TestNGKey.GroupingDemoLogin" name="loginByFB" time="0.004"/>
  <testcase classname="day44_TestNGKey.GroupingDemoLogin" name="loginByTwitter" time="0.004"/>
</testsuite> <!-- day44_TestNGKey.GroupingDemoLogin -->
