<?xml version="1.0" encoding="UTF-8"?>
<!-- Generated by org.testng.reporters.JUnitReportReporter -->
<testsuite hostname="DESKTOP-FHM8NK9" failures="0" tests="3" name="day44_TestNGKey.GroupingDemoSignUp" time="0.018" errors="0" timestamp="2024-07-17T11:13:33 IST" skipped="0">
  <testcase classname="day44_TestNGKey.GroupingDemoSignUp" name="signUpByEmail" time="0.010"/>
  <testcase classname="day44_TestNGKey.GroupingDemoSignUp" name="signUpByFB" time="0.002"/>
  <testcase classname="day44_TestNGKey.GroupingDemoSignUp" name="signUpByTwitter" time="0.006"/>
</testsuite> <!-- day44_TestNGKey.GroupingDemoSignUp -->
