<?xml version="1.0" encoding="UTF-8"?>
<!-- Generated by org.testng.reporters.JUnitReportReporter -->
<testsuite hostname="DESKTOP-FHM8NK9" failures="0" tests="1" name="day45dataProvider.DataProviderDemo" time="3.450" errors="0" timestamp="2024-07-18T11:35:33 IST" skipped="0">
  <testcase classname="day45dataProvider.DataProviderDemo" name="testlogin" time="3.450"/>
</testsuite> <!-- day45dataProvider.DataProviderDemo -->
