<?xml version="1.0" encoding="UTF-8"?>
<!-- Generated by org.testng.reporters.JUnitReportReporter -->
<testsuite hostname="DESKTOP-FHM8NK9" failures="0" tests="2" name="day43_Assertion.HardVsSoftAssertions" time="0.021" errors="0" timestamp="2024-07-17T09:20:53 IST" skipped="0">
  <testcase classname="day43_Assertion.HardVsSoftAssertions" name="test_Hard" time="0.015"/>
  <testcase classname="day43_Assertion.HardVsSoftAssertions" name="test_Soft" time="0.006"/>
</testsuite> <!-- day43_Assertion.HardVsSoftAssertions -->
