<?xml version="1.0" encoding="UTF-8"?>
<!-- Generated by org.testng.reporters.JUnitReportReporter -->
<testsuite hostname="DESKTOP-FHM8NK9" failures="0" tests="9" name="day45dataProvider.ParamTest" time="2.773" errors="0" timestamp="2024-07-18T12:32:37 IST" skipped="0">
  <testcase classname="day45dataProvider.ParamTest" name="testLogo" time="2.562"/>
  <testcase classname="day45dataProvider.ParamTest" name="testLogo" time="0.054"/>
  <testcase classname="day45dataProvider.ParamTest" name="testLogo" time="0.075"/>
  <testcase classname="day45dataProvider.ParamTest" name="testTitle" time="0.012"/>
  <testcase classname="day45dataProvider.ParamTest" name="testTitle" time="0.024"/>
  <testcase classname="day45dataProvider.ParamTest" name="testTitle" time="0.008"/>
  <testcase classname="day45dataProvider.ParamTest" name="testURL" time="0.022"/>
  <testcase classname="day45dataProvider.ParamTest" name="testURL" time="0.009"/>
  <testcase classname="day45dataProvider.ParamTest" name="testURL" time="0.007"/>
</testsuite> <!-- day45dataProvider.ParamTest -->
