<?xml version="1.0" encoding="UTF-8"?>
<!-- Generated by org.testng.reporters.JUnitReportReporter -->
<testsuite hostname="DESKTOP-FHM8NK9" failures="0" tests="2" name="day43_TestNGAnnatAssert.AnnotationDemo2" time="0.020" errors="0" timestamp="2024-07-17T09:21:35 IST" skipped="0">
  <testcase classname="day43_TestNGAnnatAssert.AnnotationDemo2" name="search" time="0.009"/>
  <testcase classname="day43_TestNGAnnatAssert.AnnotationDemo2" name="advsearch" time="0.011"/>
</testsuite> <!-- day43_TestNGAnnatAssert.AnnotationDemo2 -->
