<?xml version="1.0" encoding="UTF-8"?>
<!-- Generated by org.testng.reporters.JUnitReportReporter -->
<testsuite hostname="DESKTOP-FHM8NK9" failures="0" tests="2" name="day44_TestNGKey.GroupingDemoPayment" time="0.014" errors="0" timestamp="2024-07-17T11:15:26 IST" skipped="0">
  <testcase classname="day44_TestNGKey.GroupingDemoPayment" name="paymentInRupees" time="0.011"/>
  <testcase classname="day44_TestNGKey.GroupingDemoPayment" name="paymentInDollers" time="0.003"/>
</testsuite> <!-- day44_TestNGKey.GroupingDemoPayment -->
