<?xml version="1.0" encoding="UTF-8"?>
<!-- Generated by org.testng.reporters.JUnitReportReporter -->
<testsuite hostname="DESKTOP-FHM8NK9" failures="0" tests="1" name="day22_RelativeLocators.RelativeLocators" time="0.251" errors="0" timestamp="2024-07-08T15:51:45 IST" skipped="0">
  <testcase classname="day22_RelativeLocators.RelativeLocators" name="test1" time="0.251"/>
</testsuite> <!-- day22_RelativeLocators.RelativeLocators -->
