<?xml version="1.0" encoding="UTF-8"?>
<!-- Generated by org.testng.reporters.JUnitReportReporter -->
<testsuite hostname="DESKTOP-FHM8NK9" failures="0" tests="2" name="day43_TestNGAnnatAssert.AnnotationsDemo" time="0.039" errors="0" timestamp="2024-07-09T21:00:31 IST" skipped="0">
  <testcase classname="day43_TestNGAnnatAssert.AnnotationsDemo" name="search" time="0.031"/>
  <testcase classname="day43_TestNGAnnatAssert.AnnotationsDemo" name="advsearch" time="0.008"/>
</testsuite> <!-- day43_TestNGAnnatAssert.AnnotationsDemo -->
