<?xml version="1.0" encoding="UTF-8"?>
<!-- Generated by org.testng.reporters.JUnitReportReporter -->
<testsuite hostname="DESKTOP-FHM8NK9" failures="0" tests="4" name="day42_TestNG.OrangeHRMTest" time="16.017" errors="0" timestamp="2024-07-10T23:15:41 IST" skipped="0">
  <testcase classname="day42_TestNG.OrangeHRMTest" name="openapp" time="15.090"/>
  <testcase classname="day42_TestNG.OrangeHRMTest" name="testLogo" time="0.216"/>
  <testcase classname="day42_TestNG.OrangeHRMTest" name="login" time="0.341"/>
  <testcase classname="day42_TestNG.OrangeHRMTest" name="close" time="0.370"/>
</testsuite> <!-- day42_TestNG.OrangeHRMTest -->
