<?xml version="1.0" encoding="UTF-8"?>
<!-- Generated by org.testng.reporters.JUnitReportReporter -->
<testsuite hostname="DESKTOP-FHM8NK9" failures="0" tests="1" name="day43_Assertion.HardAssertions" time="0.019" errors="0" timestamp="2024-07-10T13:20:26 IST" skipped="0">
  <testcase classname="day43_Assertion.HardAssertions" name="test" time="0.019"/>
</testsuite> <!-- day43_Assertion.HardAssertions -->
